  [1m[35m (0.7ms)[0m  [1m[34mSELECT "schema_migrations"."version" FROM "schema_migrations" ORDER BY "schema_migrations"."version" ASC[0m
  ↳ /home/raitom/.rvm/gems/ruby-2.5.1/bin/rake:23
  [1m[35m (0.3ms)[0m  [1m[34mSELECT "schema_migrations"."version" FROM "schema_migrations" ORDER BY "schema_migrations"."version" ASC[0m
  ↳ /home/raitom/.rvm/gems/ruby-2.5.1/bin/rake:23
  [1m[35m (245.3ms)[0m  [1m[35mDROP DATABASE IF EXISTS "cash_control_development"[0m
  ↳ /home/raitom/.rvm/gems/ruby-2.5.1/bin/rake:23
  [1m[35m (223.8ms)[0m  [1m[35mDROP DATABASE IF EXISTS "cash_control_test"[0m
  ↳ /home/raitom/.rvm/gems/ruby-2.5.1/bin/rake:23
  [1m[35m (530.5ms)[0m  [1m[35mCREATE DATABASE "cash_control_development" ENCODING = 'unicode'[0m
  ↳ /home/raitom/.rvm/gems/ruby-2.5.1/bin/rake:23
  [1m[35m (567.0ms)[0m  [1m[35mCREATE DATABASE "cash_control_test" ENCODING = 'unicode'[0m
  ↳ /home/raitom/.rvm/gems/ruby-2.5.1/bin/rake:23
  [1m[35m (109.8ms)[0m  [1m[35mCREATE TABLE "schema_migrations" ("version" character varying NOT NULL PRIMARY KEY)[0m
  ↳ /home/raitom/.rvm/gems/ruby-2.5.1/bin/rake:23
  [1m[35m (216.3ms)[0m  [1m[35mCREATE TABLE "ar_internal_metadata" ("key" character varying NOT NULL PRIMARY KEY, "value" character varying, "created_at" timestamp NOT NULL, "updated_at" timestamp NOT NULL)[0m
  ↳ /home/raitom/.rvm/gems/ruby-2.5.1/bin/rake:23
  [1m[35m (0.6ms)[0m  [1m[34mSELECT pg_try_advisory_lock(3555164437254257940)[0m
  ↳ /home/raitom/.rvm/gems/ruby-2.5.1/bin/rake:23
  [1m[35m (1.1ms)[0m  [1m[34mSELECT "schema_migrations"."version" FROM "schema_migrations" ORDER BY "schema_migrations"."version" ASC[0m
  ↳ /home/raitom/.rvm/gems/ruby-2.5.1/bin/rake:23
  [1m[36mActiveRecord::InternalMetadata Load (1.0ms)[0m  [1m[34mSELECT  "ar_internal_metadata".* FROM "ar_internal_metadata" WHERE "ar_internal_metadata"."key" = $1 LIMIT $2[0m  [["key", "environment"], ["LIMIT", 1]]
  ↳ /home/raitom/.rvm/gems/ruby-2.5.1/bin/rake:23
  [1m[35m (0.4ms)[0m  [1m[35mBEGIN[0m
  ↳ /home/raitom/.rvm/gems/ruby-2.5.1/bin/rake:23
  [1m[36mActiveRecord::InternalMetadata Create (1.0ms)[0m  [1m[32mINSERT INTO "ar_internal_metadata" ("key", "value", "created_at", "updated_at") VALUES ($1, $2, $3, $4) RETURNING "key"[0m  [["key", "environment"], ["value", "development"], ["created_at", "2018-10-04 02:55:22.031203"], ["updated_at", "2018-10-04 02:55:22.031203"]]
  ↳ /home/raitom/.rvm/gems/ruby-2.5.1/bin/rake:23
  [1m[35m (4.3ms)[0m  [1m[35mCOMMIT[0m
  ↳ /home/raitom/.rvm/gems/ruby-2.5.1/bin/rake:23
  [1m[35m (0.5ms)[0m  [1m[34mSELECT pg_advisory_unlock(3555164437254257940)[0m
  ↳ /home/raitom/.rvm/gems/ruby-2.5.1/bin/rake:23
  [1m[35m (0.6ms)[0m  [1m[34mSELECT "schema_migrations"."version" FROM "schema_migrations" ORDER BY "schema_migrations"."version" ASC[0m
  ↳ /home/raitom/.rvm/gems/ruby-2.5.1/bin/rake:23
